22/10/2020 10:35:44 PM | SeleniumDriver - INFO: Element found with locator: Sign inand locator type: link
22/10/2020 10:35:45 PM | SeleniumDriver - INFO: Clicked on the element Sign inand locator type link
22/10/2020 10:35:46 PM | SeleniumDriver - INFO: Element found with locator: emailand locator type: id
22/10/2020 10:35:46 PM | SeleniumDriver - INFO: Send data on the element emailand locator type id
22/10/2020 10:35:47 PM | SeleniumDriver - INFO: Element found with locator: passwdand locator type: id
22/10/2020 10:35:48 PM | SeleniumDriver - INFO: Send data on the element passwdand locator type id
22/10/2020 10:35:49 PM | SeleniumDriver - INFO: Element found with locator: SubmitLoginand locator type: id
22/10/2020 10:35:50 PM | SeleniumDriver - INFO: Clicked on the element SubmitLoginand locator type id
22/10/2020 10:42:29 PM | LoginPage - INFO: Element found with locator: Sign inand locator type: link
22/10/2020 10:42:31 PM | LoginPage - INFO: Clicked on the element Sign inand locator type link
22/10/2020 10:42:32 PM | LoginPage - INFO: Element found with locator: emailand locator type: id
22/10/2020 10:42:32 PM | LoginPage - INFO: Send data on the element emailand locator type id
22/10/2020 10:42:33 PM | LoginPage - INFO: Element found with locator: passwdand locator type: id
22/10/2020 10:42:34 PM | LoginPage - INFO: Send data on the element passwdand locator type id
22/10/2020 10:42:35 PM | LoginPage - INFO: Element found with locator: SubmitLoginand locator type: id
22/10/2020 10:42:36 PM | LoginPage - INFO: Clicked on the element SubmitLoginand locator type id
22/10/2020 10:44:41 PM | LoginPage - INFO: Element found with locator: Sign inand locator type: link
22/10/2020 10:44:43 PM | LoginPage - INFO: Clicked on the element Sign inand locator type link
22/10/2020 10:44:44 PM | LoginPage - INFO: Element found with locator: emailand locator type: id
22/10/2020 10:44:45 PM | LoginPage - INFO: Send data on the element emailand locator type id
22/10/2020 10:44:46 PM | LoginPage - INFO: Element found with locator: passwdand locator type: id
22/10/2020 10:44:46 PM | LoginPage - INFO: Send data on the element passwdand locator type id
22/10/2020 10:44:47 PM | LoginPage - INFO: Element found with locator: SubmitLoginand locator type: id
22/10/2020 10:44:49 PM | LoginPage - INFO: Clicked on the element SubmitLoginand locator type id
22/10/2020 10:56:26 PM | LoginPage - INFO: Element found with locator: Sign inand locator type: link
22/10/2020 10:56:30 PM | LoginPage - INFO: Clicked on the element Sign inand locator type link
22/10/2020 10:56:31 PM | LoginPage - INFO: Element found with locator: emailand locator type: id
22/10/2020 10:56:32 PM | LoginPage - INFO: Send data on the element emailand locator type id
22/10/2020 10:56:33 PM | LoginPage - INFO: Element found with locator: passwdand locator type: id
22/10/2020 10:56:33 PM | LoginPage - INFO: Send data on the element passwdand locator type id
22/10/2020 10:56:34 PM | LoginPage - INFO: Element found with locator: SubmitLoginand locator type: id
22/10/2020 10:56:37 PM | LoginPage - INFO: Clicked on the element SubmitLoginand locator type id
22/10/2020 10:56:38 PM | LoginPage - INFO: Element not found
22/10/2020 10:57:41 PM | LoginPage - INFO: Element found with locator: Sign inand locator type: link
22/10/2020 10:57:43 PM | LoginPage - INFO: Clicked on the element Sign inand locator type link
22/10/2020 10:57:44 PM | LoginPage - INFO: Element found with locator: emailand locator type: id
22/10/2020 10:57:44 PM | LoginPage - INFO: Send data on the element emailand locator type id
22/10/2020 10:57:45 PM | LoginPage - INFO: Element found with locator: passwdand locator type: id
22/10/2020 10:57:45 PM | LoginPage - INFO: Send data on the element passwdand locator type id
22/10/2020 10:57:46 PM | LoginPage - INFO: Element found with locator: SubmitLoginand locator type: id
22/10/2020 10:57:48 PM | LoginPage - INFO: Clicked on the element SubmitLoginand locator type id
22/10/2020 10:57:49 PM | LoginPage - INFO: Element not found
22/10/2020 11:02:01 PM | LoginPage - INFO: Element found with locator: Sign inand locator type: link
22/10/2020 11:02:03 PM | LoginPage - INFO: Clicked on the element Sign inand locator type link
22/10/2020 11:02:04 PM | LoginPage - INFO: Element found with locator: emailand locator type: id
22/10/2020 11:02:04 PM | LoginPage - INFO: Send data on the element emailand locator type id
22/10/2020 11:02:05 PM | LoginPage - INFO: Element found with locator: passwdand locator type: id
22/10/2020 11:02:05 PM | LoginPage - INFO: Send data on the element passwdand locator type id
22/10/2020 11:02:06 PM | LoginPage - INFO: Element found with locator: SubmitLoginand locator type: id
22/10/2020 11:02:08 PM | LoginPage - INFO: Clicked on the element SubmitLoginand locator type id
22/10/2020 11:02:09 PM | LoginPage - INFO: Element not found
22/10/2020 11:06:06 PM | LoginPage - INFO: Element found with locator: Sign in and locator type: link
22/10/2020 11:06:08 PM | LoginPage - INFO: Clicked on the element Sign in and locator type link
22/10/2020 11:06:09 PM | LoginPage - INFO: Element found with locator: email and locator type: id
22/10/2020 11:06:09 PM | LoginPage - INFO: Send data on the element email and locator type id
22/10/2020 11:06:10 PM | LoginPage - INFO: Element found with locator: passwd and locator type: id
22/10/2020 11:06:10 PM | LoginPage - INFO: Send data on the element passwd and locator type id
22/10/2020 11:06:11 PM | LoginPage - INFO: Element found with locator: SubmitLogin and locator type: id
22/10/2020 11:06:14 PM | LoginPage - INFO: Clicked on the element SubmitLogin and locator type id
22/10/2020 11:06:15 PM | LoginPage - INFO: Element not found with with locator//h1[contains(text(),'My account')]and locator type xpath
22/10/2020 11:08:13 PM | LoginPage - INFO: Element found with locator: Sign in and locator type: link
22/10/2020 11:08:14 PM | LoginPage - INFO: Clicked on the element Sign in and locator type link
22/10/2020 11:08:15 PM | LoginPage - INFO: Element found with locator: email and locator type: id
22/10/2020 11:08:16 PM | LoginPage - INFO: Send data on the element email and locator type id
22/10/2020 11:08:17 PM | LoginPage - INFO: Element found with locator: passwd and locator type: id
22/10/2020 11:08:17 PM | LoginPage - INFO: Send data on the element passwd and locator type id
22/10/2020 11:08:18 PM | LoginPage - INFO: Element found with locator: SubmitLogin and locator type: id
22/10/2020 11:08:20 PM | LoginPage - INFO: Clicked on the element SubmitLogin and locator type id
22/10/2020 11:08:23 PM | LoginPage - INFO: Element not found with with locator//h1[contains(text(),'My account')]and locator type xpath
22/10/2020 11:09:44 PM | LoginPage - INFO: Element found with locator: Sign in and locator type: link
22/10/2020 11:09:47 PM | LoginPage - INFO: Clicked on the element Sign in and locator type link
22/10/2020 11:09:48 PM | LoginPage - INFO: Element found with locator: email and locator type: id
22/10/2020 11:09:48 PM | LoginPage - INFO: Send data on the element email and locator type id
22/10/2020 11:09:49 PM | LoginPage - INFO: Element found with locator: passwd and locator type: id
22/10/2020 11:09:49 PM | LoginPage - INFO: Send data on the element passwd and locator type id
22/10/2020 11:09:50 PM | LoginPage - INFO: Element found with locator: SubmitLogin and locator type: id
22/10/2020 11:09:52 PM | LoginPage - INFO: Clicked on the element SubmitLogin and locator type id
22/10/2020 11:09:55 PM | LoginPage - INFO: Element not found with with locator//[contains(text(),'My account')]and locator type xpath
22/10/2020 11:13:09 PM | LoginPage - INFO: Element found with locator: Sign in and locator type: link
22/10/2020 11:13:12 PM | LoginPage - INFO: Clicked on the element Sign in and locator type link
22/10/2020 11:13:14 PM | LoginPage - INFO: Element found with locator: email and locator type: id
22/10/2020 11:13:15 PM | LoginPage - INFO: Send data on the element email and locator type id
22/10/2020 11:13:16 PM | LoginPage - INFO: Element found with locator: passwd and locator type: id
22/10/2020 11:13:16 PM | LoginPage - INFO: Send data on the element passwd and locator type id
22/10/2020 11:13:17 PM | LoginPage - INFO: Element found with locator: SubmitLogin and locator type: id
22/10/2020 11:13:19 PM | LoginPage - INFO: Clicked on the element SubmitLogin and locator type id
22/10/2020 11:13:22 PM | LoginPage - INFO: Element not found with locator: //[contains(text(),'My account')] and locator type: xpath
22/10/2020 11:15:34 PM | LoginPage - INFO: Element found with locator: Sign in and locator type: link
22/10/2020 11:15:35 PM | LoginPage - INFO: Clicked on the element Sign in and locator type link
22/10/2020 11:15:36 PM | LoginPage - INFO: Element found with locator: email and locator type: id
22/10/2020 11:15:36 PM | LoginPage - INFO: Send data on the element email and locator type id
22/10/2020 11:15:37 PM | LoginPage - INFO: Element found with locator: passwd and locator type: id
22/10/2020 11:15:38 PM | LoginPage - INFO: Send data on the element passwd and locator type id
22/10/2020 11:15:39 PM | LoginPage - INFO: Element found with locator: SubmitLogin and locator type: id
22/10/2020 11:15:41 PM | LoginPage - INFO: Clicked on the element SubmitLogin and locator type id
22/10/2020 11:15:44 PM | LoginPage - INFO: Element found with locator: //h1[contains(text(),'My account')] and locator type: xpath
22/10/2020 11:18:31 PM | LoginPage - INFO: Element found with locator: Sign in and locator type: link
22/10/2020 11:18:33 PM | LoginPage - INFO: Clicked on the element Sign in and locator type link
22/10/2020 11:18:34 PM | LoginPage - INFO: Element found with locator: email and locator type: id
22/10/2020 11:18:34 PM | LoginPage - INFO: Send data on the element email and locator type id
22/10/2020 11:18:35 PM | LoginPage - INFO: Element found with locator: passwd and locator type: id
22/10/2020 11:18:36 PM | LoginPage - INFO: Send data on the element passwd and locator type id
22/10/2020 11:18:37 PM | LoginPage - INFO: Element found with locator: SubmitLogin and locator type: id
22/10/2020 11:18:38 PM | LoginPage - INFO: Clicked on the element SubmitLogin and locator type id
22/10/2020 11:18:41 PM | LoginPage - INFO: Element found with locator: //h1[contains(text(),'My account')] and locator type: xpath
22/10/2020 11:34:35 PM | LoginPage - INFO: Element found with locator: Sign in and locator type: link
22/10/2020 11:34:37 PM | LoginPage - INFO: Clicked on the element Sign in and locator type link
22/10/2020 11:34:38 PM | LoginPage - INFO: Element found with locator: email and locator type: id
22/10/2020 11:34:39 PM | LoginPage - INFO: Send data on the element email and locator type id
22/10/2020 11:34:40 PM | LoginPage - INFO: Element found with locator: passwd and locator type: id
22/10/2020 11:34:40 PM | LoginPage - INFO: Send data on the element passwd and locator type id
22/10/2020 11:34:41 PM | LoginPage - INFO: Element found with locator: SubmitLogin and locator type: id
22/10/2020 11:34:43 PM | LoginPage - INFO: Clicked on the element SubmitLogin and locator type id
22/10/2020 11:34:46 PM | LoginPage - INFO: Element found with locator: //h1[contains(text(),'My account')] and locator type: xpath
22/10/2020 11:36:27 PM | LoginPage - INFO: Element found with locator: Sign in and locator type: link
22/10/2020 11:36:30 PM | LoginPage - INFO: Clicked on the element Sign in and locator type link
22/10/2020 11:36:31 PM | LoginPage - INFO: Element found with locator: email and locator type: id
22/10/2020 11:36:31 PM | LoginPage - INFO: Send data on the element email and locator type id
22/10/2020 11:36:32 PM | LoginPage - INFO: Element found with locator: passwd and locator type: id
22/10/2020 11:36:33 PM | LoginPage - INFO: Send data on the element passwd and locator type id
22/10/2020 11:36:34 PM | LoginPage - INFO: Element found with locator: SubmitLogin and locator type: id
22/10/2020 11:36:36 PM | LoginPage - INFO: Clicked on the element SubmitLogin and locator type id
22/10/2020 11:36:39 PM | LoginPage - INFO: Element found with locator: //h1[contains(text(),'My account')] and locator type: xpath
22/10/2020 11:39:04 PM | LoginPage - INFO: Element found with locator: Sign in and locator type: link
22/10/2020 11:39:06 PM | LoginPage - INFO: Clicked on the element Sign in and locator type link
22/10/2020 11:39:08 PM | LoginPage - INFO: Element found with locator: email and locator type: id
22/10/2020 11:39:08 PM | LoginPage - INFO: Send data on the element email and locator type id
22/10/2020 11:39:09 PM | LoginPage - INFO: Element found with locator: passwd and locator type: id
22/10/2020 11:39:09 PM | LoginPage - INFO: Send data on the element passwd and locator type id
22/10/2020 11:39:10 PM | LoginPage - INFO: Element found with locator: SubmitLogin and locator type: id
22/10/2020 11:39:10 PM | LoginPage - INFO: Clicked on the element SubmitLogin and locator type id
22/10/2020 11:39:13 PM | LoginPage - INFO: Element not found with with locator//h1[contains(text(),'My account')] and locator type xpath
22/10/2020 11:41:18 PM | LoginPage - INFO: Element found with locator: Sign in and locator type: link
22/10/2020 11:41:21 PM | LoginPage - INFO: Clicked on the element Sign in and locator type link
22/10/2020 11:41:25 PM | LoginPage - INFO: Element found with locator: email and locator type: id
22/10/2020 11:41:25 PM | LoginPage - INFO: Send data on the element email and locator type id
22/10/2020 11:41:26 PM | LoginPage - INFO: Element found with locator: passwd and locator type: id
22/10/2020 11:41:26 PM | LoginPage - INFO: Send data on the element passwd and locator type id
22/10/2020 11:41:27 PM | LoginPage - INFO: Element found with locator: SubmitLogin and locator type: id
22/10/2020 11:41:30 PM | LoginPage - INFO: Clicked on the element SubmitLogin and locator type id
22/10/2020 11:41:33 PM | LoginPage - INFO: Element found with locator: //h1[contains(text(),'My account')] and locator type: xpath
22/10/2020 11:57:23 PM | LoginPage - INFO: Element found with locator: Sign in and locator type: link
22/10/2020 11:57:25 PM | LoginPage - INFO: Clicked on the element Sign in and locator type link
22/10/2020 11:57:26 PM | LoginPage - INFO: Element found with locator: email and locator type: id
22/10/2020 11:57:26 PM | LoginPage - INFO: Send data on the element email and locator type id
22/10/2020 11:57:28 PM | LoginPage - INFO: Element found with locator: passwd and locator type: id
22/10/2020 11:57:28 PM | LoginPage - INFO: Send data on the element passwd and locator type id
22/10/2020 11:57:29 PM | LoginPage - INFO: Element found with locator: SubmitLogin and locator type: id
22/10/2020 11:57:31 PM | LoginPage - INFO: Clicked on the element SubmitLogin and locator type id
22/10/2020 11:57:34 PM | LoginPage - INFO: Element found with locator: //h1[contains(text(),'My account')] and locator type: xpath
23/10/2020 12:22:50 AM | LoginPage - INFO: Element found with locator: Sign in and locator type: link
23/10/2020 12:22:52 AM | LoginPage - INFO: Clicked on the element Sign in and locator type link
23/10/2020 12:22:53 AM | LoginPage - INFO: Element found with locator: email and locator type: id
23/10/2020 12:22:54 AM | LoginPage - INFO: Send data on the element email and locator type id
23/10/2020 12:22:55 AM | LoginPage - INFO: Element found with locator: passwd and locator type: id
23/10/2020 12:22:55 AM | LoginPage - INFO: Send data on the element passwd and locator type id
23/10/2020 12:22:56 AM | LoginPage - INFO: Element found with locator: SubmitLogin and locator type: id
23/10/2020 12:22:58 AM | LoginPage - INFO: Clicked on the element SubmitLogin and locator type id
23/10/2020 12:23:01 AM | LoginPage - INFO: Element found with locator: //p[contains(text(),'There is 1 error')] and locator type: xpath
23/10/2020 12:23:01 AM | LoginPage - INFO: Element found with locator: Sign in and locator type: link
23/10/2020 12:23:03 AM | LoginPage - INFO: Clicked on the element Sign in and locator type link
23/10/2020 12:23:04 AM | LoginPage - INFO: Element found with locator: email and locator type: id
23/10/2020 12:23:04 AM | LoginPage - INFO: Send data on the element email and locator type id
23/10/2020 12:23:05 AM | LoginPage - INFO: Element found with locator: passwd and locator type: id
23/10/2020 12:23:05 AM | LoginPage - INFO: Send data on the element passwd and locator type id
23/10/2020 12:23:06 AM | LoginPage - INFO: Element found with locator: SubmitLogin and locator type: id
23/10/2020 12:23:08 AM | LoginPage - INFO: Clicked on the element SubmitLogin and locator type id
23/10/2020 12:23:11 AM | LoginPage - INFO: Element found with locator: //h1[contains(text(),'My account')] and locator type: xpath
23/10/2020 12:26:04 AM | LoginPage - INFO
23/10/2020 12:26:05 AM | LoginPage - INFO
23/10/2020 12:26:06 AM | LoginPage - INFO
23/10/2020 12:26:06 AM | LoginPage - INFO
23/10/2020 12:26:07 AM | LoginPage - INFO
23/10/2020 12:26:08 AM | LoginPage - INFO
23/10/2020 12:26:09 AM | LoginPage - INFO
23/10/2020 12:26:10 AM | LoginPage - INFO
23/10/2020 12:26:13 AM | LoginPage - INFO
23/10/2020 12:26:13 AM | LoginPage - INFO
23/10/2020 12:26:15 AM | LoginPage - INFO
23/10/2020 12:26:16 AM | LoginPage - INFO
23/10/2020 12:26:16 AM | LoginPage - INFO
23/10/2020 12:26:17 AM | LoginPage - INFO
23/10/2020 12:26:17 AM | LoginPage - INFO
23/10/2020 12:26:18 AM | LoginPage - INFO
23/10/2020 12:26:21 AM | LoginPage - INFO
23/10/2020 12:26:24 AM | LoginPage - INFO
23/10/2020 12:33:36 AM - LoginPage - INFO: Element found with locator: Sign in and locator type: link
23/10/2020 12:33:37 AM - LoginPage - INFO: Clicked on the element Sign in and locator type link
23/10/2020 12:33:38 AM - LoginPage - INFO: Element found with locator: email and locator type: id
23/10/2020 12:33:38 AM - LoginPage - INFO: Send data on the element email and locator type id
23/10/2020 12:33:39 AM - LoginPage - INFO: Element found with locator: passwd and locator type: id
23/10/2020 12:33:40 AM - LoginPage - INFO: Send data on the element passwd and locator type id
23/10/2020 12:33:41 AM - LoginPage - INFO: Element found with locator: SubmitLogin and locator type: id
23/10/2020 12:33:42 AM - LoginPage - INFO: Clicked on the element SubmitLogin and locator type id
23/10/2020 12:33:45 AM - LoginPage - INFO: Element found with locator: //p[contains(text(),'There is 1 error')] and locator type: xpath
23/10/2020 12:33:45 AM - LoginPage - INFO: Element found with locator: Sign in and locator type: link
23/10/2020 12:33:47 AM - LoginPage - INFO: Clicked on the element Sign in and locator type link
23/10/2020 12:33:48 AM - LoginPage - INFO: Element found with locator: email and locator type: id
23/10/2020 12:33:48 AM - LoginPage - INFO: Send data on the element email and locator type id
23/10/2020 12:33:49 AM - LoginPage - INFO: Element found with locator: passwd and locator type: id
23/10/2020 12:33:49 AM - LoginPage - INFO: Send data on the element passwd and locator type id
23/10/2020 12:33:50 AM - LoginPage - INFO: Element found with locator: SubmitLogin and locator type: id
23/10/2020 12:33:53 AM - LoginPage - INFO: Clicked on the element SubmitLogin and locator type id
23/10/2020 12:33:56 AM - LoginPage - INFO: Element found with locator: //h1[contains(text(),'My account')] and locator type: xpath
23/10/2020 01:20:00 AM - LoginPage - INFO: Element found with locator: Sign in and locator type: link
23/10/2020 01:20:01 AM - LoginPage - INFO: Clicked on the element Sign in and locator type link
23/10/2020 01:20:02 AM - LoginPage - INFO: Element found with locator: email and locator type: id
23/10/2020 01:20:03 AM - LoginPage - INFO: Send data on the element email and locator type id
23/10/2020 01:20:04 AM - LoginPage - INFO: Element found with locator: passwd and locator type: id
23/10/2020 01:20:04 AM - LoginPage - INFO: Send data on the element passwd and locator type id
23/10/2020 01:20:05 AM - LoginPage - INFO: Element found with locator: SubmitLogin and locator type: id
23/10/2020 01:20:06 AM - LoginPage - INFO: Clicked on the element SubmitLogin and locator type id
23/10/2020 01:20:09 AM - LoginPage - INFO: Element found with locator: //p[contains(text(),'There is 1 error')] and locator type: xpath
23/10/2020 01:20:09 AM - LoginPage - INFO: Element found with locator: Sign in and locator type: link
23/10/2020 01:20:11 AM - LoginPage - INFO: Clicked on the element Sign in and locator type link
23/10/2020 01:20:12 AM - LoginPage - INFO: Element found with locator: email and locator type: id
23/10/2020 01:20:12 AM - LoginPage - INFO: Send data on the element email and locator type id
23/10/2020 01:20:13 AM - LoginPage - INFO: Element found with locator: passwd and locator type: id
23/10/2020 01:20:13 AM - LoginPage - INFO: Send data on the element passwd and locator type id
23/10/2020 01:20:14 AM - LoginPage - INFO: Element found with locator: SubmitLogin and locator type: id
23/10/2020 01:20:17 AM - LoginPage - INFO: Clicked on the element SubmitLogin and locator type id
23/10/2020 01:20:20 AM - LoginPage - INFO: Element found with locator: //h1[contains(text(),'My account')] and locator type: xpath
23/10/2020 01:40:08 AM - LoginPage - INFO: Element found with locator: Sign in and locator type: link
23/10/2020 01:40:12 AM - LoginPage - INFO: Clicked on the element Sign in and locator type link
23/10/2020 01:40:13 AM - LoginPage - INFO: Element found with locator: email and locator type: id
23/10/2020 01:40:13 AM - LoginPage - INFO: Send data on the element email and locator type id
23/10/2020 01:40:14 AM - LoginPage - INFO: Element found with locator: passwd and locator type: id
23/10/2020 01:40:14 AM - LoginPage - INFO: Send data on the element passwd and locator type id
23/10/2020 01:40:16 AM - LoginPage - INFO: Element found with locator: SubmitLogin and locator type: id
23/10/2020 01:40:17 AM - LoginPage - INFO: Clicked on the element SubmitLogin and locator type id
23/10/2020 01:40:20 AM - LoginPage - INFO: Element found with locator: //p[contains(text(),'There is 1 error')] and locator type: xpath
23/10/2020 01:40:20 AM - LoginPage - INFO: Element found with locator: Sign in and locator type: link
23/10/2020 01:40:22 AM - LoginPage - INFO: Clicked on the element Sign in and locator type link
23/10/2020 01:40:23 AM - LoginPage - INFO: Element found with locator: email and locator type: id
23/10/2020 01:40:24 AM - LoginPage - INFO: Send data on the element email and locator type id
23/10/2020 01:40:25 AM - LoginPage - INFO: Element found with locator: passwd and locator type: id
23/10/2020 01:40:25 AM - LoginPage - INFO: Send data on the element passwd and locator type id
23/10/2020 01:40:26 AM - LoginPage - INFO: Element found with locator: SubmitLogin and locator type: id
23/10/2020 01:40:28 AM - LoginPage - INFO: Clicked on the element SubmitLogin and locator type id
23/10/2020 01:40:31 AM - LoginPage - INFO: Element found with locator: //h1[contains(text(),'My account')] and locator type: xpath
23/10/2020 01:45:05 AM - LoginPage - INFO: Element found with locator: Sign in and locator type: link
23/10/2020 01:45:07 AM - LoginPage - INFO: Clicked on the element Sign in and locator type link
23/10/2020 01:45:08 AM - LoginPage - INFO: Element found with locator: email and locator type: id
23/10/2020 01:45:08 AM - LoginPage - INFO: Send data on the element email and locator type id
23/10/2020 01:45:09 AM - LoginPage - INFO: Element found with locator: passwd and locator type: id
23/10/2020 01:45:09 AM - LoginPage - INFO: Send data on the element passwd and locator type id
23/10/2020 01:45:10 AM - LoginPage - INFO: Element found with locator: SubmitLogin and locator type: id
23/10/2020 01:45:12 AM - LoginPage - INFO: Clicked on the element SubmitLogin and locator type id
23/10/2020 01:45:15 AM - LoginPage - INFO: Element found with locator: //p[contains(text(),'There is 1 error')] and locator type: xpath
23/10/2020 01:45:15 AM - LoginPage - INFO: Element found
23/10/2020 01:45:15 AM - LoginPage - INFO: Element found with locator: Sign in and locator type: link
23/10/2020 01:45:17 AM - LoginPage - INFO: Clicked on the element Sign in and locator type link
23/10/2020 01:45:18 AM - LoginPage - INFO: Element found with locator: email and locator type: id
23/10/2020 01:45:18 AM - LoginPage - INFO: Send data on the element email and locator type id
23/10/2020 01:45:19 AM - LoginPage - INFO: Element found with locator: passwd and locator type: id
23/10/2020 01:45:19 AM - LoginPage - INFO: Send data on the element passwd and locator type id
23/10/2020 01:45:20 AM - LoginPage - INFO: Element found with locator: SubmitLogin and locator type: id
23/10/2020 01:45:23 AM - LoginPage - INFO: Clicked on the element SubmitLogin and locator type id
23/10/2020 01:45:26 AM - LoginPage - INFO: Element found with locator: //h1[contains(text(),'My account')] and locator type: xpath
23/10/2020 01:45:26 AM - LoginPage - INFO: Element found
23/10/2020 02:24:05 AM - LoginPage - INFO: Element found with locator: Sign in and locator type: link
23/10/2020 02:24:07 AM - LoginPage - INFO: Clicked on the element Sign in and locator type link
23/10/2020 02:24:08 AM - LoginPage - INFO: Element found with locator: email and locator type: id
23/10/2020 02:24:08 AM - LoginPage - INFO: Send data on the element email and locator type id
23/10/2020 02:24:09 AM - LoginPage - INFO: Element found with locator: passwd and locator type: id
23/10/2020 02:24:09 AM - LoginPage - INFO: Send data on the element passwd and locator type id
23/10/2020 02:24:10 AM - LoginPage - INFO: Element found with locator: SubmitLogin and locator type: id
23/10/2020 02:24:12 AM - LoginPage - INFO: Clicked on the element SubmitLogin and locator type id
23/10/2020 02:24:15 AM - LoginPage - INFO: Element found with locator: //p[contains(text(),'There is 1 error')] and locator type: xpath
23/10/2020 02:24:15 AM - LoginPage - INFO: Element found
23/10/2020 02:24:15 AM - LoginPage - INFO: Element found with locator: Sign in and locator type: link
23/10/2020 02:24:18 AM - LoginPage - INFO: Clicked on the element Sign in and locator type link
23/10/2020 02:24:19 AM - LoginPage - INFO: Element found with locator: email and locator type: id
23/10/2020 02:24:19 AM - LoginPage - INFO: Send data on the element email and locator type id
23/10/2020 02:24:20 AM - LoginPage - INFO: Element found with locator: passwd and locator type: id
23/10/2020 02:24:20 AM - LoginPage - INFO: Send data on the element passwd and locator type id
23/10/2020 02:24:21 AM - LoginPage - INFO: Element found with locator: SubmitLogin and locator type: id
23/10/2020 02:24:24 AM - LoginPage - INFO: Clicked on the element SubmitLogin and locator type id
23/10/2020 02:24:27 AM - TestStatus - INFO: ### VERIFICATION SUCCESSFUL :: + Title verified
23/10/2020 02:24:27 AM - LoginPage - INFO: Element found with locator: //h1[contains(text(),'My account')] and locator type: xpath
23/10/2020 02:24:27 AM - LoginPage - INFO: Element found
23/10/2020 02:24:27 AM - TestStatus - INFO: ### VERIFICATION SUCCESSFUL :: + Login was successful
23/10/2020 02:24:27 AM - TestStatus - INFO: test_validLogin ### TEST SUCCESSFUL
23/10/2020 02:34:24 AM - LoginPage - INFO: Element found with locator: Sign in and locator type: link
23/10/2020 02:34:27 AM - LoginPage - INFO: Clicked on the element Sign in and locator type link
23/10/2020 02:34:28 AM - LoginPage - INFO: Element found with locator: email and locator type: id
23/10/2020 02:34:28 AM - LoginPage - INFO: Send data on the element email and locator type id
23/10/2020 02:34:29 AM - LoginPage - INFO: Element found with locator: passwd and locator type: id
23/10/2020 02:34:29 AM - LoginPage - INFO: Send data on the element passwd and locator type id
23/10/2020 02:34:30 AM - LoginPage - INFO: Element found with locator: SubmitLogin and locator type: id
23/10/2020 02:34:32 AM - LoginPage - INFO: Clicked on the element SubmitLogin and locator type id
23/10/2020 02:34:35 AM - LoginPage - INFO: Element found with locator: //p[contains(text(),'There is 1 error')] and locator type: xpath
23/10/2020 02:34:35 AM - LoginPage - INFO: Element found
23/10/2020 02:34:35 AM - LoginPage - INFO: Element found with locator: Sign in and locator type: link
23/10/2020 02:34:37 AM - LoginPage - INFO: Clicked on the element Sign in and locator type link
23/10/2020 02:34:38 AM - LoginPage - INFO: Element found with locator: email and locator type: id
23/10/2020 02:34:38 AM - LoginPage - INFO: Send data on the element email and locator type id
23/10/2020 02:34:39 AM - LoginPage - INFO: Element found with locator: passwd and locator type: id
23/10/2020 02:34:39 AM - LoginPage - INFO: Send data on the element passwd and locator type id
23/10/2020 02:34:40 AM - LoginPage - INFO: Element found with locator: SubmitLogin and locator type: id
23/10/2020 02:34:42 AM - LoginPage - INFO: Clicked on the element SubmitLogin and locator type id
23/10/2020 02:34:45 AM - TestStatus - INFO: ### VERIFICATION SUCCESSFUL :: + Title verified
23/10/2020 02:34:45 AM - LoginPage - INFO: Element found with locator: //h1[contains(text(),'My account')] and locator type: xpath
23/10/2020 02:34:45 AM - LoginPage - INFO: Element found
23/10/2020 02:34:45 AM - TestStatus - INFO: ### VERIFICATION SUCCESSFUL :: + Login was successful
23/10/2020 02:34:45 AM - TestStatus - INFO: test_validLogin ### TEST SUCCESSFUL
23/10/2020 02:37:10 AM - LoginPage - INFO: Element found with locator: Sign in and locator type: link
23/10/2020 02:37:12 AM - LoginPage - INFO: Clicked on the element Sign in and locator type link
23/10/2020 02:37:13 AM - LoginPage - INFO: Element found with locator: email and locator type: id
23/10/2020 02:37:14 AM - LoginPage - INFO: Send data on the element email and locator type id
23/10/2020 02:37:15 AM - LoginPage - INFO: Element found with locator: passwd and locator type: id
23/10/2020 02:37:15 AM - LoginPage - INFO: Send data on the element passwd and locator type id
23/10/2020 02:37:16 AM - LoginPage - INFO: Element found with locator: SubmitLogin and locator type: id
23/10/2020 02:37:17 AM - LoginPage - INFO: Clicked on the element SubmitLogin and locator type id
23/10/2020 02:37:20 AM - LoginPage - INFO: Element found with locator: //p[contains(text(),'There is 1 error')] and locator type: xpath
23/10/2020 02:37:20 AM - LoginPage - INFO: Element found
23/10/2020 02:37:20 AM - LoginPage - INFO: Element found with locator: Sign in and locator type: link
23/10/2020 02:37:21 AM - LoginPage - INFO: Clicked on the element Sign in and locator type link
23/10/2020 02:37:22 AM - LoginPage - INFO: Element found with locator: email and locator type: id
23/10/2020 02:37:23 AM - LoginPage - INFO: Send data on the element email and locator type id
23/10/2020 02:37:24 AM - LoginPage - INFO: Element found with locator: passwd and locator type: id
23/10/2020 02:37:24 AM - LoginPage - INFO: Send data on the element passwd and locator type id
23/10/2020 02:37:25 AM - LoginPage - INFO: Element found with locator: SubmitLogin and locator type: id
23/10/2020 02:37:28 AM - LoginPage - INFO: Clicked on the element SubmitLogin and locator type id
23/10/2020 02:37:31 AM - TestStatus - INFO: ### VERIFICATION SUCCESSFUL :: + Title verified
23/10/2020 02:37:31 AM - LoginPage - INFO: Element found with locator: //h1[contains(text(),'My account')] and locator type: xpath
23/10/2020 02:37:31 AM - LoginPage - INFO: Element found
23/10/2020 02:37:31 AM - TestStatus - INFO: ### VERIFICATION SUCCESSFUL :: + Login was successful
23/10/2020 02:37:31 AM - TestStatus - INFO: test_validLogin ### TEST SUCCESSFUL
23/10/2020 02:38:33 AM - LoginPage - INFO: Element found with locator: Sign in and locator type: link
23/10/2020 02:38:34 AM - LoginPage - INFO: Clicked on the element Sign in and locator type link
23/10/2020 02:38:36 AM - LoginPage - INFO: Element found with locator: email and locator type: id
23/10/2020 02:38:36 AM - LoginPage - INFO: Send data on the element email and locator type id
23/10/2020 02:38:37 AM - LoginPage - INFO: Element found with locator: passwd and locator type: id
23/10/2020 02:38:37 AM - LoginPage - INFO: Send data on the element passwd and locator type id
23/10/2020 02:38:38 AM - LoginPage - INFO: Element found with locator: SubmitLogin and locator type: id
23/10/2020 02:38:40 AM - LoginPage - INFO: Clicked on the element SubmitLogin and locator type id
23/10/2020 02:38:43 AM - LoginPage - INFO: Element found with locator: //p[contains(text(),'There is 1 error')] and locator type: xpath
23/10/2020 02:38:43 AM - LoginPage - INFO: Element found
23/10/2020 02:38:43 AM - LoginPage - INFO: Element found with locator: Sign in and locator type: link
23/10/2020 02:38:45 AM - LoginPage - INFO: Clicked on the element Sign in and locator type link
23/10/2020 02:38:46 AM - LoginPage - INFO: Element found with locator: email and locator type: id
23/10/2020 02:38:46 AM - LoginPage - INFO: Send data on the element email and locator type id
23/10/2020 02:38:47 AM - LoginPage - INFO: Element found with locator: passwd and locator type: id
23/10/2020 02:38:47 AM - LoginPage - INFO: Send data on the element passwd and locator type id
23/10/2020 02:38:48 AM - LoginPage - INFO: Element found with locator: SubmitLogin and locator type: id
23/10/2020 02:38:52 AM - LoginPage - INFO: Clicked on the element SubmitLogin and locator type id
23/10/2020 02:38:55 AM - TestStatus - INFO: ### VERIFICATION SUCCESSFUL :: + Title verified
23/10/2020 02:38:55 AM - LoginPage - INFO: Element found with locator: //h1[contains(text(),'My account')] and locator type: xpath
23/10/2020 02:38:55 AM - LoginPage - INFO: Element found
23/10/2020 02:38:55 AM - TestStatus - INFO: ### VERIFICATION SUCCESSFUL :: + Login was successful
23/10/2020 02:38:55 AM - TestStatus - INFO: test_validLogin ### TEST SUCCESSFUL
23/10/2020 03:05:35 AM - LoginPage - INFO: Element found with locator: Sign in and locator type: link
23/10/2020 03:05:37 AM - LoginPage - INFO: Clicked on the element Sign in and locator type link
23/10/2020 03:05:38 AM - LoginPage - INFO: Element found with locator: email and locator type: id
23/10/2020 03:05:38 AM - LoginPage - INFO: Send data on the element email and locator type id
23/10/2020 03:05:39 AM - LoginPage - INFO: Element found with locator: passwd and locator type: id
23/10/2020 03:05:39 AM - LoginPage - INFO: Send data on the element passwd and locator type id
23/10/2020 03:05:40 AM - LoginPage - INFO: Element found with locator: SubmitLogin and locator type: id
23/10/2020 03:05:42 AM - LoginPage - INFO: Clicked on the element SubmitLogin and locator type id
23/10/2020 03:05:45 AM - LoginPage - INFO: Element found with locator: //p[contains(text(),'There is 1 error')] and locator type: xpath
23/10/2020 03:05:45 AM - LoginPage - INFO: Element found
23/10/2020 03:05:45 AM - LoginPage - INFO: Element found with locator: Sign in and locator type: link
23/10/2020 03:05:47 AM - LoginPage - INFO: Clicked on the element Sign in and locator type link
23/10/2020 03:05:48 AM - LoginPage - INFO: Element found with locator: email and locator type: id
23/10/2020 03:05:48 AM - LoginPage - INFO: Send data on the element email and locator type id
23/10/2020 03:05:49 AM - LoginPage - INFO: Element found with locator: passwd and locator type: id
23/10/2020 03:05:49 AM - LoginPage - INFO: Send data on the element passwd and locator type id
23/10/2020 03:05:50 AM - LoginPage - INFO: Element found with locator: SubmitLogin and locator type: id
23/10/2020 03:05:52 AM - LoginPage - INFO: Clicked on the element SubmitLogin and locator type id
23/10/2020 03:05:55 AM - TestStatus - ERROR: ### VERIFICATION FAILED :: + Title is incorrect
23/10/2020 03:05:56 AM - TestStatus - INFO: Screenshot save to directory: /Users/phuongvth/Documents/workspace_python/AutmationPractice/base/../Screenshots/Title is incorrect.1603375555889.png
23/10/2020 03:05:56 AM - LoginPage - INFO: Element found with locator: //h1[contains(text(),'My account')] and locator type: xpath
23/10/2020 03:05:56 AM - LoginPage - INFO: Element found
23/10/2020 03:05:56 AM - TestStatus - INFO: ### VERIFICATION SUCCESSFUL :: + Login was successful
23/10/2020 03:05:56 AM - TestStatus - ERROR: test_validLogin ### TEST FAILED
23/10/2020 03:17:11 AM - LoginPage - INFO: Element found with locator: Sign in and locator type: link
23/10/2020 03:17:14 AM - LoginPage - INFO: Clicked on the element Sign in and locator type link
23/10/2020 03:17:15 AM - LoginPage - INFO: Element found with locator: email and locator type: id
23/10/2020 03:17:15 AM - LoginPage - INFO: Send data on the element email and locator type id
23/10/2020 03:17:16 AM - LoginPage - INFO: Element found with locator: passwd and locator type: id
23/10/2020 03:17:16 AM - LoginPage - INFO: Send data on the element passwd and locator type id
23/10/2020 03:17:17 AM - LoginPage - INFO: Element found with locator: SubmitLogin and locator type: id
23/10/2020 03:17:20 AM - LoginPage - INFO: Clicked on the element SubmitLogin and locator type id
23/10/2020 03:17:23 AM - LoginPage - INFO: Element found with locator: //p[contains(text(),'There is 1 error')] and locator type: xpath
23/10/2020 03:17:23 AM - LoginPage - INFO: Element found
23/10/2020 03:17:23 AM - LoginPage - INFO: Element found with locator: Sign in and locator type: link
23/10/2020 03:17:26 AM - LoginPage - INFO: Clicked on the element Sign in and locator type link
23/10/2020 03:17:27 AM - LoginPage - INFO: Element found with locator: email and locator type: id
23/10/2020 03:17:27 AM - LoginPage - INFO: Send data on the element email and locator type id
23/10/2020 03:17:29 AM - LoginPage - INFO: Element found with locator: passwd and locator type: id
23/10/2020 03:17:29 AM - LoginPage - INFO: Send data on the element passwd and locator type id
23/10/2020 03:17:30 AM - LoginPage - INFO: Element found with locator: SubmitLogin and locator type: id
23/10/2020 03:17:32 AM - LoginPage - INFO: Clicked on the element SubmitLogin and locator type id
23/10/2020 03:17:35 AM - TestStatus - ERROR: ### VERIFICATION FAILED :: + Title is incorrect
23/10/2020 03:17:36 AM - TestStatus - INFO: Screenshot save to directory: /Users/phuongvth/Documents/workspace_python/AutmationPractice/base/../Screenshots/Title is incorrect.1603376255735.png
23/10/2020 03:17:36 AM - LoginPage - INFO: Element found with locator: //h1[contains(text(),'My account')] and locator type: xpath
23/10/2020 03:17:36 AM - LoginPage - INFO: Element found
23/10/2020 03:17:36 AM - TestStatus - INFO: ### VERIFICATION SUCCESSFUL :: + Login was successful
23/10/2020 03:17:36 AM - TestStatus - ERROR: test_validLogin ### TEST FAILED
23/10/2020 03:33:34 AM - LoginPage - INFO: Element found with locator: Sign in and locator type: link
23/10/2020 03:33:38 AM - LoginPage - INFO: Clicked on the element Sign in and locator type link
23/10/2020 03:33:39 AM - LoginPage - INFO: Element found with locator: email and locator type: id
23/10/2020 03:33:40 AM - LoginPage - INFO: Send data on the element email and locator type id
23/10/2020 03:33:41 AM - LoginPage - INFO: Element found with locator: passwd and locator type: id
23/10/2020 03:33:41 AM - LoginPage - INFO: Send data on the element passwd and locator type id
23/10/2020 03:33:42 AM - LoginPage - INFO: Element found with locator: SubmitLogin and locator type: id
23/10/2020 03:33:44 AM - LoginPage - INFO: Clicked on the element SubmitLogin and locator type id
23/10/2020 03:33:47 AM - LoginPage - INFO: Element found with locator: //p[contains(text(),'There is 1 error')] and locator type: xpath
23/10/2020 03:33:47 AM - LoginPage - INFO: Element found
23/10/2020 03:33:47 AM - LoginPage - INFO: Element found with locator: Sign in and locator type: link
23/10/2020 03:33:51 AM - LoginPage - INFO: Clicked on the element Sign in and locator type link
23/10/2020 03:33:52 AM - LoginPage - INFO: Element found with locator: email and locator type: id
23/10/2020 03:33:53 AM - LoginPage - INFO: Send data on the element email and locator type id
23/10/2020 03:33:54 AM - LoginPage - INFO: Element found with locator: passwd and locator type: id
23/10/2020 03:33:54 AM - LoginPage - INFO: Send data on the element passwd and locator type id
23/10/2020 03:33:55 AM - LoginPage - INFO: Element found with locator: SubmitLogin and locator type: id
23/10/2020 03:33:57 AM - LoginPage - INFO: Clicked on the element SubmitLogin and locator type id
23/10/2020 03:34:00 AM - Util - INFO: Actual Text From Application Web UI --> :: My account - My Store
23/10/2020 03:34:00 AM - Util - INFO: Expected Text From Application Web UI --> :: Google
23/10/2020 03:34:00 AM - Util - INFO: ### VERIFICATION DOES NOT CONTAINS !!!
23/10/2020 03:34:00 AM - TestStatus - ERROR: ### VERIFICATION FAILED :: + Title is incorrect
23/10/2020 03:34:01 AM - TestStatus - INFO: Screenshot save to directory: /Users/phuongvth/Documents/workspace_python/AutmationPractice/base/../Screenshots/Title is incorrect.1603377240817.png
23/10/2020 03:34:01 AM - LoginPage - INFO: Element found with locator: //h1[contains(text(),'My account')] and locator type: xpath
23/10/2020 03:34:01 AM - LoginPage - INFO: Element found
23/10/2020 03:34:01 AM - TestStatus - INFO: ### VERIFICATION SUCCESSFUL :: + Login was successful
23/10/2020 03:34:01 AM - TestStatus - ERROR: test_validLogin ### TEST FAILED
23/10/2020 03:39:15 AM - LoginPage - INFO: Element found with locator: Sign in and locator type: link
23/10/2020 03:39:17 AM - LoginPage - INFO: Clicked on the element Sign in and locator type link
23/10/2020 03:39:18 AM - LoginPage - INFO: Element found with locator: email and locator type: id
23/10/2020 03:39:18 AM - LoginPage - INFO: Send data on the element email and locator type id
23/10/2020 03:39:19 AM - LoginPage - INFO: Element found with locator: passwd and locator type: id
23/10/2020 03:39:19 AM - LoginPage - INFO: Send data on the element passwd and locator type id
23/10/2020 03:39:20 AM - LoginPage - INFO: Element found with locator: SubmitLogin and locator type: id
23/10/2020 03:39:22 AM - LoginPage - INFO: Clicked on the element SubmitLogin and locator type id
23/10/2020 03:39:25 AM - LoginPage - INFO: Element found with locator: //p[contains(text(),'There is 1 error')] and locator type: xpath
23/10/2020 03:39:25 AM - LoginPage - INFO: Element found
23/10/2020 03:39:25 AM - LoginPage - INFO: Element found with locator: Sign in and locator type: link
23/10/2020 03:39:30 AM - LoginPage - INFO: Clicked on the element Sign in and locator type link
23/10/2020 03:39:31 AM - LoginPage - INFO: Element found with locator: email and locator type: id
23/10/2020 03:39:31 AM - LoginPage - INFO: Send data on the element email and locator type id
23/10/2020 03:39:32 AM - LoginPage - INFO: Element found with locator: passwd and locator type: id
23/10/2020 03:39:32 AM - LoginPage - INFO: Send data on the element passwd and locator type id
23/10/2020 03:39:33 AM - LoginPage - INFO: Element found with locator: SubmitLogin and locator type: id
23/10/2020 03:39:36 AM - LoginPage - INFO: Clicked on the element SubmitLogin and locator type id
23/10/2020 03:39:39 AM - Util - INFO: Actual Text From Application Web UI --> :: My account - My Store
23/10/2020 03:39:39 AM - Util - INFO: Expected Text From Application Web UI --> :: Google
23/10/2020 03:39:39 AM - Util - INFO: ### VERIFICATION DOES NOT CONTAINS !!!
23/10/2020 03:39:39 AM - TrackStatus - ERROR: ### VERIFICATION FAILED :: + Title is incorrect
23/10/2020 03:39:40 AM - TrackStatus - INFO: Screenshot save to directory: /Users/phuongvth/Documents/workspace_python/AutmationPractice/base/../Screenshots/Title is incorrect.1603377579650.png
23/10/2020 03:39:40 AM - LoginPage - INFO: Element found with locator: //h1[contains(text(),'My account')] and locator type: xpath
23/10/2020 03:39:40 AM - LoginPage - INFO: Element found
23/10/2020 03:39:40 AM - TrackStatus - INFO: ### VERIFICATION SUCCESSFUL :: + Login was successful
23/10/2020 03:39:40 AM - TrackStatus - ERROR: test_validLogin ### TEST FAILED
23/10/2020 03:40:14 AM - LoginPage - INFO: Element found with locator: Sign in and locator type: link
23/10/2020 03:40:16 AM - LoginPage - INFO: Clicked on the element Sign in and locator type link
23/10/2020 03:40:17 AM - LoginPage - INFO: Element found with locator: email and locator type: id
23/10/2020 03:40:17 AM - LoginPage - INFO: Send data on the element email and locator type id
23/10/2020 03:40:18 AM - LoginPage - INFO: Element found with locator: passwd and locator type: id
23/10/2020 03:40:18 AM - LoginPage - INFO: Send data on the element passwd and locator type id
23/10/2020 03:40:19 AM - LoginPage - INFO: Element found with locator: SubmitLogin and locator type: id
23/10/2020 03:40:22 AM - LoginPage - INFO: Clicked on the element SubmitLogin and locator type id
23/10/2020 03:40:25 AM - LoginPage - INFO: Element found with locator: //p[contains(text(),'There is 1 error')] and locator type: xpath
23/10/2020 03:40:25 AM - LoginPage - INFO: Element found
23/10/2020 03:40:25 AM - LoginPage - INFO: Element found with locator: Sign in and locator type: link
23/10/2020 03:40:28 AM - LoginPage - INFO: Clicked on the element Sign in and locator type link
23/10/2020 03:40:29 AM - LoginPage - INFO: Element found with locator: email and locator type: id
23/10/2020 03:40:30 AM - LoginPage - INFO: Send data on the element email and locator type id
23/10/2020 03:40:31 AM - LoginPage - INFO: Element found with locator: passwd and locator type: id
23/10/2020 03:40:31 AM - LoginPage - INFO: Send data on the element passwd and locator type id
23/10/2020 03:40:32 AM - LoginPage - INFO: Element found with locator: SubmitLogin and locator type: id
23/10/2020 03:40:34 AM - LoginPage - INFO: Clicked on the element SubmitLogin and locator type id
23/10/2020 03:40:37 AM - Util - INFO: Actual Text From Application Web UI --> :: My account - My Store
23/10/2020 03:40:37 AM - Util - INFO: Expected Text From Application Web UI --> :: Google
23/10/2020 03:40:37 AM - Util - INFO: ### VERIFICATION DOES NOT CONTAINS !!!
23/10/2020 03:40:37 AM - TrackStatus - ERROR: ### VERIFICATION FAILED :: + Title is incorrect
23/10/2020 03:40:37 AM - TrackStatus - INFO: Screenshot save to directory: /Users/phuongvth/Documents/workspace_python/AutmationPractice/base/../Screenshots/Title is incorrect.1603377637221.png
23/10/2020 03:40:37 AM - LoginPage - INFO: Element found with locator: //h1[contains(text(),'My account')] and locator type: xpath
23/10/2020 03:40:37 AM - LoginPage - INFO: Element found
23/10/2020 03:40:37 AM - TrackStatus - INFO: ### VERIFICATION SUCCESSFUL :: + Login was successful
23/10/2020 03:40:37 AM - TrackStatus - ERROR: test_validLogin ### TEST FAILED
23/10/2020 03:41:46 AM - LoginPage - INFO: Element found with locator: Sign in and locator type: link
23/10/2020 03:41:48 AM - LoginPage - INFO: Clicked on the element Sign in and locator type link
23/10/2020 03:41:49 AM - LoginPage - INFO: Element found with locator: email and locator type: id
23/10/2020 03:41:50 AM - LoginPage - INFO: Send data on the element email and locator type id
23/10/2020 03:41:51 AM - LoginPage - INFO: Element found with locator: passwd and locator type: id
23/10/2020 03:41:51 AM - LoginPage - INFO: Send data on the element passwd and locator type id
23/10/2020 03:41:52 AM - LoginPage - INFO: Element found with locator: SubmitLogin and locator type: id
23/10/2020 03:41:54 AM - LoginPage - INFO: Clicked on the element SubmitLogin and locator type id
23/10/2020 03:41:57 AM - LoginPage - INFO: Element found with locator: //p[contains(text(),'There is 1 error')] and locator type: xpath
23/10/2020 03:41:57 AM - LoginPage - INFO: Element found
23/10/2020 03:41:57 AM - LoginPage - INFO: Element found with locator: Sign in and locator type: link
23/10/2020 03:41:59 AM - LoginPage - INFO: Clicked on the element Sign in and locator type link
23/10/2020 03:42:00 AM - LoginPage - INFO: Element found with locator: email and locator type: id
23/10/2020 03:42:00 AM - LoginPage - INFO: Send data on the element email and locator type id
23/10/2020 03:42:01 AM - LoginPage - INFO: Element found with locator: passwd and locator type: id
23/10/2020 03:42:01 AM - LoginPage - INFO: Send data on the element passwd and locator type id
23/10/2020 03:42:02 AM - LoginPage - INFO: Element found with locator: SubmitLogin and locator type: id
23/10/2020 03:42:05 AM - LoginPage - INFO: Clicked on the element SubmitLogin and locator type id
23/10/2020 03:42:08 AM - Util - INFO: Actual Text From Application Web UI --> :: My account - My Store
23/10/2020 03:42:08 AM - Util - INFO: Expected Text From Application Web UI --> :: Google
23/10/2020 03:42:08 AM - Util - INFO: ### VERIFICATION DOES NOT CONTAINS !!!
23/10/2020 03:42:08 AM - TrackStatus - ERROR: ### VERIFICATION FAILED :: + Title is incorrect
23/10/2020 03:42:08 AM - TrackStatus - INFO: Screenshot save to directory: /Users/phuongvth/Documents/workspace_python/AutmationPractice/base/../Screenshots/Title is incorrect.1603377728514.png
23/10/2020 03:42:08 AM - LoginPage - INFO: Element found with locator: //h1[contains(text(),'My account')] and locator type: xpath
23/10/2020 03:42:08 AM - LoginPage - INFO: Element found
23/10/2020 03:42:08 AM - TrackStatus - INFO: ### VERIFICATION SUCCESSFUL :: + Login was successful
23/10/2020 03:42:08 AM - TrackStatus - ERROR: test_validLogin ### TEST FAILED
23/10/2020 03:48:07 AM - LoginPage - INFO: Element found with locator: Sign in and locator type: link
23/10/2020 03:48:09 AM - LoginPage - INFO: Clicked on the element Sign in and locator type link
23/10/2020 03:48:10 AM - LoginPage - INFO: Element found with locator: email and locator type: id
23/10/2020 03:48:10 AM - LoginPage - INFO: Send data on the element email and locator type id
23/10/2020 03:48:11 AM - LoginPage - INFO: Element found with locator: passwd and locator type: id
23/10/2020 03:48:11 AM - LoginPage - INFO: Send data on the element passwd and locator type id
23/10/2020 03:48:12 AM - LoginPage - INFO: Element found with locator: SubmitLogin and locator type: id
23/10/2020 03:48:14 AM - LoginPage - INFO: Clicked on the element SubmitLogin and locator type id
23/10/2020 03:48:17 AM - LoginPage - INFO: Element found with locator: //p[contains(text(),'There is 1 error')] and locator type: xpath
23/10/2020 03:48:17 AM - LoginPage - INFO: Element found
23/10/2020 03:48:17 AM - LoginPage - INFO: Element found with locator: Sign in and locator type: link
23/10/2020 03:48:18 AM - LoginPage - INFO: Clicked on the element Sign in and locator type link
23/10/2020 03:48:19 AM - LoginPage - INFO: Element found with locator: email and locator type: id
23/10/2020 03:48:20 AM - LoginPage - INFO: Send data on the element email and locator type id
23/10/2020 03:48:21 AM - LoginPage - INFO: Element found with locator: passwd and locator type: id
23/10/2020 03:48:21 AM - LoginPage - INFO: Send data on the element passwd and locator type id
23/10/2020 03:48:22 AM - LoginPage - INFO: Element found with locator: SubmitLogin and locator type: id
23/10/2020 03:48:24 AM - LoginPage - INFO: Clicked on the element SubmitLogin and locator type id
23/10/2020 03:48:27 AM - LoginPage - INFO: Element found with locator: //h1[contains(text(),'My account')] and locator type: xpath
23/10/2020 03:48:27 AM - LoginPage - INFO: Element found
23/10/2020 03:48:27 AM - TrackStatus - INFO: ### VERIFICATION SUCCESSFUL :: + Login was successful
23/10/2020 03:48:27 AM - TrackStatus - INFO: test_validLogin ### TEST SUCCESSFUL
23/10/2020 12:23:25 PM - LoginPage - INFO: Element found with locator: Sign in and locator type: link
23/10/2020 12:23:27 PM - LoginPage - INFO: Clicked on the element Sign in and locator type link
23/10/2020 12:23:28 PM - LoginPage - INFO: Element found with locator: email and locator type: id
23/10/2020 12:23:28 PM - LoginPage - INFO: Send data on the element email and locator type id
23/10/2020 12:23:29 PM - LoginPage - INFO: Element found with locator: passwd and locator type: id
23/10/2020 12:23:30 PM - LoginPage - INFO: Send data on the element passwd and locator type id
23/10/2020 12:23:31 PM - LoginPage - INFO: Element found with locator: SubmitLogin and locator type: id
23/10/2020 12:23:33 PM - LoginPage - INFO: Clicked on the element SubmitLogin and locator type id
23/10/2020 12:23:39 PM - LoginPage - INFO: Element not found with locator: Sign in and locator type: link
23/10/2020 12:23:39 PM - LoginPage - INFO: Cannot click on the element with locator Sign in and locator type link
23/10/2020 12:23:43 PM - LoginPage - INFO: Element not found with locator: email and locator type: id
23/10/2020 12:23:43 PM - LoginPage - INFO: Cannot send data on the element with locatoremailand locator type id
23/10/2020 12:23:47 PM - LoginPage - INFO: Element not found with locator: passwd and locator type: id
23/10/2020 12:23:47 PM - LoginPage - INFO: Cannot send data on the element with locatorpasswdand locator type id
23/10/2020 12:23:50 PM - LoginPage - INFO: Element found with locator: SubmitLogin and locator type: id
23/10/2020 12:23:50 PM - LoginPage - INFO: Cannot click on the element with locator SubmitLogin and locator type id
23/10/2020 12:23:53 PM - LoginPage - INFO: Element not found with locator: Sign in and locator type: link
23/10/2020 12:23:53 PM - LoginPage - INFO: Cannot click on the element with locator Sign in and locator type link
23/10/2020 12:23:54 PM - LoginPage - INFO: Element not found with locator: email and locator type: id
23/10/2020 12:23:54 PM - LoginPage - INFO: Cannot send data on the element with locatoremailand locator type id
23/10/2020 12:23:55 PM - LoginPage - INFO: Element not found with locator: passwd and locator type: id
23/10/2020 12:23:55 PM - LoginPage - INFO: Cannot send data on the element with locatorpasswdand locator type id
23/10/2020 12:23:56 PM - LoginPage - INFO: Element not found with locator: SubmitLogin and locator type: id
23/10/2020 12:23:56 PM - LoginPage - INFO: Cannot click on the element with locator SubmitLogin and locator type id
23/10/2020 12:23:59 PM - TrackStatus - ERROR: ### VERIFICATION FAILED :: + Login was successful
23/10/2020 12:23:59 PM - TrackStatus - ERROR: ### Exception Occurred when taking screenshot
23/10/2020 12:23:59 PM - TrackStatus - ERROR: test_validLogin ### TEST FAILED
23/10/2020 12:26:08 PM - LoginPage - INFO: Element found with locator: Sign in and locator type: link
23/10/2020 12:26:10 PM - LoginPage - INFO: Clicked on the element Sign in and locator type link
23/10/2020 12:26:11 PM - LoginPage - INFO: Element found with locator: email and locator type: id
23/10/2020 12:26:11 PM - LoginPage - INFO: Send data on the element email and locator type id
23/10/2020 12:26:12 PM - LoginPage - INFO: Element found with locator: passwd and locator type: id
23/10/2020 12:26:12 PM - LoginPage - INFO: Send data on the element passwd and locator type id
23/10/2020 12:26:13 PM - LoginPage - INFO: Element found with locator: SubmitLogin and locator type: id
23/10/2020 12:26:15 PM - LoginPage - INFO: Clicked on the element SubmitLogin and locator type id
23/10/2020 12:26:21 PM - LoginPage - INFO: Element not found with locator: Sign in and locator type: link
23/10/2020 12:26:21 PM - LoginPage - INFO: Cannot click on the element with locator Sign in and locator type link
23/10/2020 12:26:25 PM - LoginPage - INFO: Element not found with locator: email and locator type: id
23/10/2020 12:26:25 PM - LoginPage - INFO: Cannot send data on the element with locatoremailand locator type id
23/10/2020 12:26:29 PM - LoginPage - INFO: Element not found with locator: passwd and locator type: id
23/10/2020 12:26:29 PM - LoginPage - INFO: Cannot send data on the element with locatorpasswdand locator type id
23/10/2020 12:26:33 PM - LoginPage - INFO: Element not found with locator: SubmitLogin and locator type: id
23/10/2020 12:26:33 PM - LoginPage - INFO: Cannot click on the element with locator SubmitLogin and locator type id
23/10/2020 12:26:39 PM - LoginPage - INFO: Element not found with locator: Sign in and locator type: link
23/10/2020 12:26:39 PM - LoginPage - INFO: Cannot click on the element with locator Sign in and locator type link
23/10/2020 12:26:43 PM - LoginPage - INFO: Element not found with locator: email and locator type: id
23/10/2020 12:26:43 PM - LoginPage - INFO: Cannot send data on the element with locatoremailand locator type id
23/10/2020 12:26:47 PM - LoginPage - INFO: Element not found with locator: passwd and locator type: id
23/10/2020 12:26:47 PM - LoginPage - INFO: Cannot send data on the element with locatorpasswdand locator type id
23/10/2020 12:26:51 PM - LoginPage - INFO: Element not found with locator: SubmitLogin and locator type: id
23/10/2020 12:26:51 PM - LoginPage - INFO: Cannot click on the element with locator SubmitLogin and locator type id
23/10/2020 12:26:54 PM - Util - INFO: Actual Text From Application Web UI --> :: My account - My Store
23/10/2020 12:26:54 PM - Util - INFO: Expected Text From Application Web UI --> :: Google
23/10/2020 12:26:54 PM - Util - INFO: ### VERIFICATION DOES NOT CONTAINS !!!
23/10/2020 12:26:54 PM - TrackStatus - ERROR: ### VERIFICATION FAILED :: + Title is incorrect
23/10/2020 12:26:55 PM - TrackStatus - INFO: Screenshot save to directory: /Users/phuongvth/Documents/workspace_python/AutmationPractice/base/../Screenshots/Title is incorrect.1603409214623.png
23/10/2020 12:26:55 PM - TrackStatus - ERROR: ### VERIFICATION FAILED :: + Login was successful
23/10/2020 12:26:55 PM - TrackStatus - INFO: Screenshot save to directory: /Users/phuongvth/Documents/workspace_python/AutmationPractice/base/../Screenshots/Login was successful.1603409215054.png
23/10/2020 12:26:55 PM - TrackStatus - ERROR: test_validLogin ### TEST FAILED
23/10/2020 12:33:23 PM - LoginPage - INFO: Element found with locator: Sign in and locator type: link
23/10/2020 12:33:26 PM - LoginPage - INFO: Clicked on the element Sign in and locator type link
23/10/2020 12:33:27 PM - LoginPage - INFO: Element found with locator: email and locator type: id
23/10/2020 12:33:27 PM - LoginPage - INFO: Send data on the element email and locator type id
23/10/2020 12:33:28 PM - LoginPage - INFO: Element found with locator: passwd and locator type: id
23/10/2020 12:33:28 PM - LoginPage - INFO: Send data on the element passwd and locator type id
23/10/2020 12:33:29 PM - LoginPage - INFO: Element found with locator: SubmitLogin and locator type: id
23/10/2020 12:33:32 PM - LoginPage - INFO: Clicked on the element SubmitLogin and locator type id
23/10/2020 12:33:38 PM - LoginPage - INFO: Element not found with locator: Sign in and locator type: link
23/10/2020 12:33:38 PM - LoginPage - INFO: Cannot click on the element with locator Sign in and locator type link
23/10/2020 12:33:42 PM - LoginPage - INFO: Element not found with locator: email and locator type: id
23/10/2020 12:33:42 PM - LoginPage - INFO: Cannot send data on the element with locatoremailand locator type id
23/10/2020 12:33:46 PM - LoginPage - INFO: Element not found with locator: passwd and locator type: id
23/10/2020 12:33:46 PM - LoginPage - INFO: Cannot send data on the element with locatorpasswdand locator type id
23/10/2020 12:33:50 PM - LoginPage - INFO: Element not found with locator: SubmitLogin and locator type: id
23/10/2020 12:33:50 PM - LoginPage - INFO: Cannot click on the element with locator SubmitLogin and locator type id
23/10/2020 12:33:56 PM - LoginPage - INFO: Element not found with locator: Sign in and locator type: link
23/10/2020 12:33:56 PM - LoginPage - INFO: Cannot click on the element with locator Sign in and locator type link
23/10/2020 12:34:01 PM - LoginPage - INFO: Element not found with locator: email and locator type: id
23/10/2020 12:34:01 PM - LoginPage - INFO: Cannot send data on the element with locatoremailand locator type id
23/10/2020 12:34:05 PM - LoginPage - INFO: Element not found with locator: passwd and locator type: id
23/10/2020 12:34:05 PM - LoginPage - INFO: Cannot send data on the element with locatorpasswdand locator type id
23/10/2020 12:34:09 PM - LoginPage - INFO: Element not found with locator: SubmitLogin and locator type: id
23/10/2020 12:34:09 PM - LoginPage - INFO: Cannot click on the element with locator SubmitLogin and locator type id
23/10/2020 12:34:12 PM - Util - INFO: Actual Text From Application Web UI --> :: My account - My Store
23/10/2020 12:34:12 PM - Util - INFO: Expected Text From Application Web UI --> :: Google
23/10/2020 12:34:12 PM - Util - INFO: ### VERIFICATION DOES NOT CONTAINS !!!
23/10/2020 12:34:12 PM - TrackStatus - ERROR: ### VERIFICATION FAILED :: + Title is incorrect
23/10/2020 12:34:12 PM - TrackStatus - INFO: Screenshot save to directory: /Users/phuongvth/Documents/workspace_python/AutmationPractice/base/../Screenshots/Title is incorrect.1603409652098.png
23/10/2020 12:34:12 PM - TrackStatus - ERROR: ### VERIFICATION FAILED :: + Login was successful
23/10/2020 12:34:12 PM - TrackStatus - INFO: Screenshot save to directory: /Users/phuongvth/Documents/workspace_python/AutmationPractice/base/../Screenshots/Login was successful.1603409652548.png
23/10/2020 12:34:12 PM - TrackStatus - ERROR: test_validLogin ### TEST FAILED
23/10/2020 12:39:58 PM - LoginPage - INFO: Element found with locator: Sign in and locator type: link
23/10/2020 12:40:00 PM - LoginPage - INFO: Clicked on the element Sign in and locator type link
23/10/2020 12:40:01 PM - LoginPage - INFO: Element found with locator: email and locator type: id
23/10/2020 12:40:01 PM - LoginPage - INFO: Send data on the element email and locator type id
23/10/2020 12:40:02 PM - LoginPage - INFO: Element found with locator: passwd and locator type: id
23/10/2020 12:40:02 PM - LoginPage - INFO: Send data on the element passwd and locator type id
23/10/2020 12:40:03 PM - LoginPage - INFO: Element found with locator: SubmitLogin and locator type: id
23/10/2020 12:40:05 PM - LoginPage - INFO: Clicked on the element SubmitLogin and locator type id
23/10/2020 12:40:10 PM - LoginPage - INFO: Element not found with locator: Sign in and locator type: link
23/10/2020 12:40:10 PM - LoginPage - INFO: Cannot click on the element with locator Sign in and locator type link
23/10/2020 12:40:14 PM - LoginPage - INFO: Element not found with locator: email and locator type: id
23/10/2020 12:40:14 PM - LoginPage - INFO: Cannot send data on the element with locatoremailand locator type id
23/10/2020 12:40:18 PM - LoginPage - INFO: Element not found with locator: passwd and locator type: id
23/10/2020 12:40:18 PM - LoginPage - INFO: Cannot send data on the element with locatorpasswdand locator type id
23/10/2020 12:40:22 PM - LoginPage - INFO: Element not found with locator: SubmitLogin and locator type: id
23/10/2020 12:40:22 PM - LoginPage - INFO: Cannot click on the element with locator SubmitLogin and locator type id
23/10/2020 12:40:27 PM - LoginPage - INFO: Element not found with locator: Sign in and locator type: link
23/10/2020 12:40:27 PM - LoginPage - INFO: Cannot click on the element with locator Sign in and locator type link
23/10/2020 12:40:31 PM - LoginPage - INFO: Element not found with locator: email and locator type: id
23/10/2020 12:40:31 PM - LoginPage - INFO: Cannot send data on the element with locatoremailand locator type id
23/10/2020 12:40:35 PM - LoginPage - INFO: Element not found with locator: passwd and locator type: id
23/10/2020 12:40:35 PM - LoginPage - INFO: Cannot send data on the element with locatorpasswdand locator type id
23/10/2020 12:40:39 PM - LoginPage - INFO: Element not found with locator: SubmitLogin and locator type: id
23/10/2020 12:40:39 PM - LoginPage - INFO: Cannot click on the element with locator SubmitLogin and locator type id
23/10/2020 12:40:41 PM - Util - INFO: Actual Text From Application Web UI --> :: My account - My Store
23/10/2020 12:40:41 PM - Util - INFO: Expected Text From Application Web UI --> :: Google
23/10/2020 12:40:41 PM - Util - INFO: ### VERIFICATION DOES NOT CONTAINS !!!
23/10/2020 12:40:41 PM - TrackStatus - ERROR: ### VERIFICATION FAILED :: + Title is incorrect
23/10/2020 12:40:42 PM - TrackStatus - INFO: Screenshot save to directory: /Users/phuongvth/Documents/workspace_python/AutmationPractice/base/../Screenshots/Title is incorrect.1603410041715.png
23/10/2020 12:40:42 PM - TrackStatus - ERROR: ### VERIFICATION FAILED :: + Login was successful
23/10/2020 12:40:42 PM - TrackStatus - INFO: Screenshot save to directory: /Users/phuongvth/Documents/workspace_python/AutmationPractice/base/../Screenshots/Login was successful.1603410042125.png
23/10/2020 12:40:42 PM - TrackStatus - ERROR: test_validLogin ### TEST FAILED
23/10/2020 12:41:07 PM - LoginPage - INFO: Element found with locator: Sign in and locator type: link
23/10/2020 12:41:09 PM - LoginPage - INFO: Clicked on the element Sign in and locator type link
23/10/2020 12:41:10 PM - LoginPage - INFO: Element found with locator: email and locator type: id
23/10/2020 12:41:10 PM - LoginPage - INFO: Send data on the element email and locator type id
23/10/2020 12:41:11 PM - LoginPage - INFO: Element found with locator: passwd and locator type: id
23/10/2020 12:41:12 PM - LoginPage - INFO: Send data on the element passwd and locator type id
23/10/2020 12:41:13 PM - LoginPage - INFO: Element found with locator: SubmitLogin and locator type: id
23/10/2020 12:41:15 PM - LoginPage - INFO: Clicked on the element SubmitLogin and locator type id
23/10/2020 12:41:20 PM - LoginPage - INFO: Element not found with locator: Sign in and locator type: link
23/10/2020 12:41:20 PM - LoginPage - INFO: Cannot click on the element with locator Sign in and locator type link
23/10/2020 12:41:24 PM - LoginPage - INFO: Element not found with locator: email and locator type: id
23/10/2020 12:41:24 PM - LoginPage - INFO: Cannot send data on the element with locatoremailand locator type id
23/10/2020 12:41:28 PM - LoginPage - INFO: Element not found with locator: passwd and locator type: id
23/10/2020 12:41:28 PM - LoginPage - INFO: Cannot send data on the element with locatorpasswdand locator type id
23/10/2020 12:41:32 PM - LoginPage - INFO: Element not found with locator: SubmitLogin and locator type: id
23/10/2020 12:41:32 PM - LoginPage - INFO: Cannot click on the element with locator SubmitLogin and locator type id
23/10/2020 12:41:37 PM - LoginPage - INFO: Element not found with locator: Sign in and locator type: link
23/10/2020 12:41:37 PM - LoginPage - INFO: Cannot click on the element with locator Sign in and locator type link
23/10/2020 12:41:41 PM - LoginPage - INFO: Element not found with locator: email and locator type: id
23/10/2020 12:41:41 PM - LoginPage - INFO: Cannot send data on the element with locatoremailand locator type id
23/10/2020 12:41:45 PM - LoginPage - INFO: Element not found with locator: passwd and locator type: id
23/10/2020 12:41:45 PM - LoginPage - INFO: Cannot send data on the element with locatorpasswdand locator type id
23/10/2020 12:41:49 PM - LoginPage - INFO: Element not found with locator: SubmitLogin and locator type: id
23/10/2020 12:41:49 PM - LoginPage - INFO: Cannot click on the element with locator SubmitLogin and locator type id
23/10/2020 12:41:51 PM - Util - INFO: Actual Text From Application Web UI --> :: My account - My Store
23/10/2020 12:41:51 PM - Util - INFO: Expected Text From Application Web UI --> :: Google
23/10/2020 12:41:51 PM - Util - INFO: ### VERIFICATION DOES NOT CONTAINS !!!
23/10/2020 12:41:51 PM - TrackStatus - ERROR: ### VERIFICATION FAILED :: + Title is incorrect
23/10/2020 12:41:52 PM - TrackStatus - INFO: Screenshot save to directory: /Users/phuongvth/Documents/workspace_python/AutmationPractice/base/../Screenshots/Title is incorrect.1603410111926.png
23/10/2020 12:41:52 PM - TrackStatus - ERROR: ### VERIFICATION FAILED :: + Login was successful
23/10/2020 12:41:52 PM - TrackStatus - INFO: Screenshot save to directory: /Users/phuongvth/Documents/workspace_python/AutmationPractice/base/../Screenshots/Login was successful.1603410112369.png
23/10/2020 12:41:52 PM - TrackStatus - ERROR: test_validLogin ### TEST FAILED
23/10/2020 12:42:26 PM - LoginPage - INFO: Element found with locator: Sign in and locator type: link
23/10/2020 12:42:28 PM - LoginPage - INFO: Clicked on the element Sign in and locator type link
23/10/2020 12:42:29 PM - LoginPage - INFO: Element found with locator: email and locator type: id
23/10/2020 12:42:29 PM - LoginPage - INFO: Send data on the element email and locator type id
23/10/2020 12:42:30 PM - LoginPage - INFO: Element found with locator: passwd and locator type: id
23/10/2020 12:42:30 PM - LoginPage - INFO: Send data on the element passwd and locator type id
23/10/2020 12:42:31 PM - LoginPage - INFO: Element found with locator: SubmitLogin and locator type: id
23/10/2020 12:42:33 PM - LoginPage - INFO: Clicked on the element SubmitLogin and locator type id
23/10/2020 12:42:38 PM - LoginPage - INFO: Element not found with locator: Sign in and locator type: link
23/10/2020 12:42:38 PM - LoginPage - INFO: Cannot click on the element with locator Sign in and locator type link
23/10/2020 12:42:42 PM - LoginPage - INFO: Element not found with locator: email and locator type: id
23/10/2020 12:42:42 PM - LoginPage - INFO: Cannot send data on the element with locatoremailand locator type id
23/10/2020 12:42:46 PM - LoginPage - INFO: Element not found with locator: passwd and locator type: id
23/10/2020 12:42:46 PM - LoginPage - INFO: Cannot send data on the element with locatorpasswdand locator type id
23/10/2020 12:42:50 PM - LoginPage - INFO: Element found with locator: SubmitLogin and locator type: id
23/10/2020 12:42:50 PM - LoginPage - INFO: Cannot click on the element with locator SubmitLogin and locator type id
23/10/2020 12:42:52 PM - LoginPage - INFO: Element not found with locator: Sign in and locator type: link
23/10/2020 12:42:52 PM - LoginPage - INFO: Cannot click on the element with locator Sign in and locator type link
23/10/2020 12:42:53 PM - LoginPage - INFO: Element not found with locator: email and locator type: id
23/10/2020 12:42:53 PM - LoginPage - INFO: Cannot send data on the element with locatoremailand locator type id
23/10/2020 12:42:54 PM - LoginPage - INFO: Element not found with locator: passwd and locator type: id
23/10/2020 12:42:54 PM - LoginPage - INFO: Cannot send data on the element with locatorpasswdand locator type id
23/10/2020 12:42:55 PM - LoginPage - INFO: Element not found with locator: SubmitLogin and locator type: id
23/10/2020 12:42:55 PM - LoginPage - INFO: Cannot click on the element with locator SubmitLogin and locator type id
23/10/2020 12:42:57 PM - LoginPage - ERROR: Failed to get page title
23/10/2020 12:42:57 PM - TrackStatus - ERROR: ### VERIFICATION FAILED :: + Title is incorrect
23/10/2020 12:42:57 PM - TrackStatus - ERROR: ### Exception Occurred when taking screenshot
23/10/2020 12:42:57 PM - TrackStatus - ERROR: ### VERIFICATION FAILED :: + Login was successful
23/10/2020 12:42:57 PM - TrackStatus - ERROR: ### Exception Occurred when taking screenshot
23/10/2020 12:42:57 PM - TrackStatus - ERROR: test_validLogin ### TEST FAILED
23/10/2020 01:03:07 PM - LoginPage - INFO: Element found with locator: Sign in and locator type: link
23/10/2020 01:03:08 PM - LoginPage - INFO: Clicked on the element Sign in and locator type link
23/10/2020 01:03:09 PM - LoginPage - INFO: Element found with locator: email and locator type: id
23/10/2020 01:03:09 PM - LoginPage - INFO: Send data on the element email and locator type id
23/10/2020 01:03:10 PM - LoginPage - INFO: Element found with locator: passwd and locator type: id
23/10/2020 01:03:11 PM - LoginPage - INFO: Send data on the element passwd and locator type id
23/10/2020 01:03:12 PM - LoginPage - INFO: Element found with locator: SubmitLogin and locator type: id
23/10/2020 01:03:14 PM - LoginPage - INFO: Clicked on the element SubmitLogin and locator type id
23/10/2020 01:03:19 PM - LoginPage - INFO: Element not found with locator: Sign in and locator type: link
23/10/2020 01:03:19 PM - LoginPage - INFO: Cannot click on the element with locator Sign in and locator type link
23/10/2020 01:03:23 PM - LoginPage - INFO: Element not found with locator: email and locator type: id
23/10/2020 01:03:23 PM - LoginPage - INFO: Cannot send data on the element with locatoremailand locator type id
23/10/2020 01:03:27 PM - LoginPage - INFO: Element not found with locator: passwd and locator type: id
23/10/2020 01:03:27 PM - LoginPage - INFO: Cannot send data on the element with locatorpasswdand locator type id
23/10/2020 01:03:31 PM - LoginPage - INFO: Element not found with locator: SubmitLogin and locator type: id
23/10/2020 01:03:31 PM - LoginPage - INFO: Cannot click on the element with locator SubmitLogin and locator type id
23/10/2020 01:03:36 PM - LoginPage - INFO: Element not found with locator: Sign in and locator type: link
23/10/2020 01:03:36 PM - LoginPage - INFO: Cannot click on the element with locator Sign in and locator type link
23/10/2020 01:03:40 PM - LoginPage - INFO: Element not found with locator: email and locator type: id
23/10/2020 01:03:40 PM - LoginPage - INFO: Cannot send data on the element with locatoremailand locator type id
23/10/2020 01:03:45 PM - LoginPage - INFO: Element not found with locator: passwd and locator type: id
23/10/2020 01:03:45 PM - LoginPage - INFO: Cannot send data on the element with locatorpasswdand locator type id
23/10/2020 01:03:49 PM - LoginPage - INFO: Element not found with locator: SubmitLogin and locator type: id
23/10/2020 01:03:49 PM - LoginPage - INFO: Cannot click on the element with locator SubmitLogin and locator type id
23/10/2020 01:03:51 PM - TrackStatus - ERROR: ### VERIFICATION FAILED :: + Login was successful
23/10/2020 01:03:51 PM - TrackStatus - INFO: Screenshot save to directory: /Users/phuongvth/Documents/workspace_python/AutmationPractice/base/../Screenshots/Login was successful.1603411431106.png
23/10/2020 01:03:51 PM - TrackStatus - ERROR: test_validLogin ### TEST FAILED
