1603424152549	geckodriver	INFO	Listening on 127.0.0.1:52441
1603424152706	mozrunner::runner	INFO	Running command: "/Applications/Firefox.app/Contents/MacOS/firefox-bin" "--marionette" "-foreground" "-no-remote" "-profile" "/var/folders/33/yf4t0qks0jl8fgl27h8n9jzw0000gn/T/rust_mozprofiledviW7G"
2020-10-23 16:35:57.245 firefox-bin[1726:577416] CFPropertyListCreateFromXMLData(): Old-style plist parser: missing semicolon in dictionary on line 3. Parsing will be abandoned. Break on _CFPropertyListMissingSemicolon to debug.
2020-10-23 16:35:57.246 firefox-bin[1726:577416] CFPropertyListCreateFromXMLData(): Old-style plist parser: missing semicolon in dictionary on line 3. Parsing will be abandoned. Break on _CFPropertyListMissingSemicolon to debug.
2020-10-23 16:35:57.246 firefox-bin[1726:577416] CFPropertyListCreateFromXMLData(): Old-style plist parser: missing semicolon in dictionary on line 3. Parsing will be abandoned. Break on _CFPropertyListMissingSemicolon to debug.
2020-10-23 16:35:57.247 firefox-bin[1726:577416] CFPropertyListCreateFromXMLData(): Old-style plist parser: missing semicolon in dictionary on line 3. Parsing will be abandoned. Break on _CFPropertyListMissingSemicolon to debug.
2020-10-23 16:35:57.247 firefox-bin[1726:577416] CFPropertyListCreateFromXMLData(): Old-style plist parser: missing semicolon in dictionary on line 3. Parsing will be abandoned. Break on _CFPropertyListMissingSemicolon to debug.
1603424160575	Marionette	INFO	Listening on port 52450
1603424160593	Marionette	WARN	TLS certificate errors will be ignored for this session
JavaScript error: chrome://marionette/content/proxy.js, line 287: NS_ERROR_NOT_INITIALIZED
1603424190232	Marionette	INFO	Stopped listening on port 52450
1603424208971	geckodriver	INFO	Listening on 127.0.0.1:52790
1603424208997	mozrunner::runner	INFO	Running command: "/Applications/Firefox.app/Contents/MacOS/firefox-bin" "--marionette" "-foreground" "-no-remote" "-profile" "/var/folders/33/yf4t0qks0jl8fgl27h8n9jzw0000gn/T/rust_mozprofilehjcOvQ"
2020-10-23 16:36:51.025 firefox-bin[1744:580033] CFPropertyListCreateFromXMLData(): Old-style plist parser: missing semicolon in dictionary on line 3. Parsing will be abandoned. Break on _CFPropertyListMissingSemicolon to debug.
2020-10-23 16:36:51.041 firefox-bin[1744:580033] CFPropertyListCreateFromXMLData(): Old-style plist parser: missing semicolon in dictionary on line 3. Parsing will be abandoned. Break on _CFPropertyListMissingSemicolon to debug.
2020-10-23 16:36:51.045 firefox-bin[1744:580033] CFPropertyListCreateFromXMLData(): Old-style plist parser: missing semicolon in dictionary on line 3. Parsing will be abandoned. Break on _CFPropertyListMissingSemicolon to debug.
2020-10-23 16:36:51.046 firefox-bin[1744:580033] CFPropertyListCreateFromXMLData(): Old-style plist parser: missing semicolon in dictionary on line 3. Parsing will be abandoned. Break on _CFPropertyListMissingSemicolon to debug.
2020-10-23 16:36:51.053 firefox-bin[1744:580033] CFPropertyListCreateFromXMLData(): Old-style plist parser: missing semicolon in dictionary on line 3. Parsing will be abandoned. Break on _CFPropertyListMissingSemicolon to debug.
1603424214623	Marionette	INFO	Listening on port 52799
1603424214697	Marionette	WARN	TLS certificate errors will be ignored for this session
1603424250698	Marionette	INFO	Stopped listening on port 52799
1603424411742	geckodriver	INFO	Listening on 127.0.0.1:53740
1603424411769	mozrunner::runner	INFO	Running command: "/Applications/Firefox.app/Contents/MacOS/firefox-bin" "--marionette" "-foreground" "-no-remote" "-profile" "/var/folders/33/yf4t0qks0jl8fgl27h8n9jzw0000gn/T/rust_mozprofileKOjrS5"
2020-10-23 16:40:14.218 firefox-bin[1805:597537] CFPropertyListCreateFromXMLData(): Old-style plist parser: missing semicolon in dictionary on line 3. Parsing will be abandoned. Break on _CFPropertyListMissingSemicolon to debug.
2020-10-23 16:40:14.219 firefox-bin[1805:597537] CFPropertyListCreateFromXMLData(): Old-style plist parser: missing semicolon in dictionary on line 3. Parsing will be abandoned. Break on _CFPropertyListMissingSemicolon to debug.
2020-10-23 16:40:14.219 firefox-bin[1805:597537] CFPropertyListCreateFromXMLData(): Old-style plist parser: missing semicolon in dictionary on line 3. Parsing will be abandoned. Break on _CFPropertyListMissingSemicolon to debug.
2020-10-23 16:40:14.220 firefox-bin[1805:597537] CFPropertyListCreateFromXMLData(): Old-style plist parser: missing semicolon in dictionary on line 3. Parsing will be abandoned. Break on _CFPropertyListMissingSemicolon to debug.
2020-10-23 16:40:14.220 firefox-bin[1805:597537] CFPropertyListCreateFromXMLData(): Old-style plist parser: missing semicolon in dictionary on line 3. Parsing will be abandoned. Break on _CFPropertyListMissingSemicolon to debug.
1603424417473	Marionette	INFO	Listening on port 53749
1603424417504	Marionette	WARN	TLS certificate errors will be ignored for this session
1603424474855	Marionette	INFO	Stopped listening on port 53749
1603424733321	geckodriver	INFO	Listening on 127.0.0.1:55142
1603424733348	mozrunner::runner	INFO	Running command: "/Applications/Firefox.app/Contents/MacOS/firefox-bin" "--marionette" "-foreground" "-no-remote" "-profile" "/var/folders/33/yf4t0qks0jl8fgl27h8n9jzw0000gn/T/rust_mozprofileCNc3Zz"
2020-10-23 16:45:35.458 firefox-bin[1856:631539] CFPropertyListCreateFromXMLData(): Old-style plist parser: missing semicolon in dictionary on line 3. Parsing will be abandoned. Break on _CFPropertyListMissingSemicolon to debug.
2020-10-23 16:45:35.459 firefox-bin[1856:631539] CFPropertyListCreateFromXMLData(): Old-style plist parser: missing semicolon in dictionary on line 3. Parsing will be abandoned. Break on _CFPropertyListMissingSemicolon to debug.
2020-10-23 16:45:35.459 firefox-bin[1856:631539] CFPropertyListCreateFromXMLData(): Old-style plist parser: missing semicolon in dictionary on line 3. Parsing will be abandoned. Break on _CFPropertyListMissingSemicolon to debug.
2020-10-23 16:45:35.459 firefox-bin[1856:631539] CFPropertyListCreateFromXMLData(): Old-style plist parser: missing semicolon in dictionary on line 3. Parsing will be abandoned. Break on _CFPropertyListMissingSemicolon to debug.
2020-10-23 16:45:35.460 firefox-bin[1856:631539] CFPropertyListCreateFromXMLData(): Old-style plist parser: missing semicolon in dictionary on line 3. Parsing will be abandoned. Break on _CFPropertyListMissingSemicolon to debug.
1603424739063	Marionette	INFO	Listening on port 55151
1603424739133	Marionette	WARN	TLS certificate errors will be ignored for this session
JavaScript error: http://automationpractice.com/js/jquery/jquery-1.11.0.min.js, line 3: TypeError: a.ownerDocument.defaultView is null
1603424794249	Marionette	INFO	Stopped listening on port 55151
