23/10/2020 10:58:14 PM - LoginPage - INFO: Element found with locator: Sign in and locator type: link
23/10/2020 10:58:16 PM - LoginPage - INFO: Clicked on the element Sign in and locator type link
23/10/2020 10:58:17 PM - LoginPage - INFO: Element found with locator: email and locator type: id
23/10/2020 10:58:18 PM - LoginPage - INFO: Send data on the element email and locator type id
23/10/2020 10:58:20 PM - LoginPage - INFO: Element found with locator: passwd and locator type: id
23/10/2020 10:58:20 PM - LoginPage - INFO: Send data on the element passwd and locator type id
23/10/2020 10:58:22 PM - LoginPage - INFO: Element found with locator: SubmitLogin and locator type: id
23/10/2020 10:58:25 PM - LoginPage - INFO: Clicked on the element SubmitLogin and locator type id
23/10/2020 10:58:30 PM - LoginPage - INFO: Element not found with locator: Sign in and locator type: link
23/10/2020 10:58:30 PM - LoginPage - INFO: Cannot click on the element with locator Sign in and locator type link
23/10/2020 10:58:34 PM - LoginPage - INFO: Element not found with locator: email and locator type: id
23/10/2020 10:58:34 PM - LoginPage - INFO: Cannot send data on the element with locatoremailand locator type id
23/10/2020 10:58:39 PM - LoginPage - INFO: Element not found with locator: passwd and locator type: id
23/10/2020 10:58:39 PM - LoginPage - INFO: Cannot send data on the element with locatorpasswdand locator type id
23/10/2020 10:58:44 PM - LoginPage - INFO: Element not found with locator: SubmitLogin and locator type: id
23/10/2020 10:58:44 PM - LoginPage - INFO: Cannot click on the element with locator SubmitLogin and locator type id
23/10/2020 10:58:52 PM - LoginPage - INFO: Element not found with locator: //p[contains(text(),'There is 1 error')] and locator type: xpath
23/10/2020 10:58:55 PM - LoginPage - INFO: Element not found with locator: Sign in and locator type: link
23/10/2020 10:58:55 PM - LoginPage - INFO: Cannot click on the element with locator Sign in and locator type link
23/10/2020 10:58:59 PM - LoginPage - INFO: Element not found with locator: email and locator type: id
23/10/2020 10:58:59 PM - LoginPage - INFO: Cannot send data on the element with locatoremailand locator type id
23/10/2020 10:59:04 PM - LoginPage - INFO: Element not found with locator: passwd and locator type: id
23/10/2020 10:59:04 PM - LoginPage - INFO: Cannot send data on the element with locatorpasswdand locator type id
23/10/2020 10:59:09 PM - LoginPage - INFO: Element not found with locator: SubmitLogin and locator type: id
23/10/2020 10:59:09 PM - LoginPage - INFO: Cannot click on the element with locator SubmitLogin and locator type id
23/10/2020 10:59:13 PM - LoginPage - INFO: Element found with locator: //h1[contains(text(),'My account')] and locator type: xpath
23/10/2020 10:59:13 PM - LoginPage - INFO: Element found
23/10/2020 10:59:13 PM - TrackStatus - INFO: ### VERIFICATION SUCCESSFUL :: + Login was successful
23/10/2020 10:59:13 PM - TrackStatus - INFO: test_validLogin ### TEST SUCCESSFUL
23/10/2020 11:01:09 PM - LoginPage - INFO: Element found with locator: Sign in and locator type: link
23/10/2020 11:01:11 PM - LoginPage - INFO: Clicked on the element Sign in and locator type link
23/10/2020 11:01:12 PM - LoginPage - INFO: Element found with locator: email and locator type: id
23/10/2020 11:01:12 PM - LoginPage - INFO: Send data on the element email and locator type id
23/10/2020 11:01:14 PM - LoginPage - INFO: Element found with locator: passwd and locator type: id
23/10/2020 11:01:14 PM - LoginPage - INFO: Send data on the element passwd and locator type id
23/10/2020 11:01:16 PM - LoginPage - INFO: Element found with locator: SubmitLogin and locator type: id
23/10/2020 11:01:20 PM - LoginPage - INFO: Clicked on the element SubmitLogin and locator type id
23/10/2020 11:01:25 PM - LoginPage - INFO: Element not found with locator: Sign in and locator type: link
23/10/2020 11:01:25 PM - LoginPage - INFO: Cannot click on the element with locator Sign in and locator type link
23/10/2020 11:01:27 PM - LoginPage - INFO: Element found with locator: email and locator type: id
23/10/2020 11:01:27 PM - LoginPage - INFO: Cannot send data on the element with locatoremailand locator type id
23/10/2020 11:01:29 PM - LoginPage - INFO: Element not found with locator: passwd and locator type: id
23/10/2020 11:01:29 PM - LoginPage - INFO: Cannot send data on the element with locatorpasswdand locator type id
23/10/2020 11:01:31 PM - LoginPage - INFO: Element not found with locator: SubmitLogin and locator type: id
23/10/2020 11:01:31 PM - LoginPage - INFO: Cannot click on the element with locator SubmitLogin and locator type id
23/10/2020 11:01:35 PM - LoginPage - INFO: Element not found with locator: //p[contains(text(),'There is 1 error')] and locator type: xpath
23/10/2020 11:01:35 PM - LoginPage - INFO: Element not found with locator: Sign in and locator type: link
23/10/2020 11:01:35 PM - LoginPage - INFO: Cannot click on the element with locator Sign in and locator type link
23/10/2020 11:01:36 PM - LoginPage - INFO: Element not found with locator: email and locator type: id
23/10/2020 11:01:36 PM - LoginPage - INFO: Cannot send data on the element with locatoremailand locator type id
23/10/2020 11:01:38 PM - LoginPage - INFO: Element not found with locator: passwd and locator type: id
23/10/2020 11:01:38 PM - LoginPage - INFO: Cannot send data on the element with locatorpasswdand locator type id
23/10/2020 11:01:40 PM - LoginPage - INFO: Element not found with locator: SubmitLogin and locator type: id
23/10/2020 11:01:40 PM - LoginPage - INFO: Cannot click on the element with locator SubmitLogin and locator type id
23/10/2020 11:01:44 PM - LoginPage - INFO: Element not found with locator: //h1[contains(text(),'My account')] and locator type: xpath
23/10/2020 11:01:44 PM - TrackStatus - ERROR: ### VERIFICATION FAILED :: + Login was successful
23/10/2020 11:01:44 PM - TrackStatus - ERROR: ### Exception Occurred when taking screenshot
23/10/2020 11:01:44 PM - TrackStatus - ERROR: test_validLogin ### TEST FAILED
23/10/2020 11:02:03 PM - LoginPage - INFO: Element found with locator: Sign in and locator type: link
23/10/2020 11:02:04 PM - LoginPage - INFO: Clicked on the element Sign in and locator type link
23/10/2020 11:02:05 PM - LoginPage - INFO: Element found with locator: email and locator type: id
23/10/2020 11:02:06 PM - LoginPage - INFO: Send data on the element email and locator type id
23/10/2020 11:02:08 PM - LoginPage - INFO: Element found with locator: passwd and locator type: id
23/10/2020 11:02:08 PM - LoginPage - INFO: Send data on the element passwd and locator type id
23/10/2020 11:02:10 PM - LoginPage - INFO: Element found with locator: SubmitLogin and locator type: id
23/10/2020 11:02:12 PM - LoginPage - INFO: Clicked on the element SubmitLogin and locator type id
23/10/2020 11:02:17 PM - LoginPage - INFO: Element not found with locator: Sign in and locator type: link
23/10/2020 11:02:17 PM - LoginPage - INFO: Cannot click on the element with locator Sign in and locator type link
23/10/2020 11:02:21 PM - LoginPage - INFO: Element not found with locator: email and locator type: id
23/10/2020 11:02:21 PM - LoginPage - INFO: Cannot send data on the element with locatoremailand locator type id
23/10/2020 11:02:23 PM - LoginPage - INFO: Element not found with locator: passwd and locator type: id
23/10/2020 11:02:23 PM - LoginPage - INFO: Cannot send data on the element with locatorpasswdand locator type id
23/10/2020 11:02:25 PM - LoginPage - INFO: Element not found with locator: SubmitLogin and locator type: id
23/10/2020 11:02:25 PM - LoginPage - INFO: Cannot click on the element with locator SubmitLogin and locator type id
23/10/2020 11:02:29 PM - LoginPage - INFO: Element not found with locator: //p[contains(text(),'There is 1 error')] and locator type: xpath
23/10/2020 11:02:29 PM - LoginPage - INFO: Element not found with locator: Sign in and locator type: link
23/10/2020 11:02:29 PM - LoginPage - INFO: Cannot click on the element with locator Sign in and locator type link
23/10/2020 11:02:30 PM - LoginPage - INFO: Element not found with locator: email and locator type: id
23/10/2020 11:02:30 PM - LoginPage - INFO: Cannot send data on the element with locatoremailand locator type id
23/10/2020 11:02:32 PM - LoginPage - INFO: Element not found with locator: passwd and locator type: id
23/10/2020 11:02:32 PM - LoginPage - INFO: Cannot send data on the element with locatorpasswdand locator type id
23/10/2020 11:02:35 PM - LoginPage - INFO: Element not found with locator: SubmitLogin and locator type: id
23/10/2020 11:02:35 PM - LoginPage - INFO: Cannot click on the element with locator SubmitLogin and locator type id
23/10/2020 11:02:39 PM - LoginPage - INFO: Element not found with locator: //h1[contains(text(),'My account')] and locator type: xpath
23/10/2020 11:02:39 PM - TrackStatus - ERROR: ### VERIFICATION FAILED :: + Login was successful
23/10/2020 11:02:39 PM - TrackStatus - ERROR: ### Exception Occurred when taking screenshot
23/10/2020 11:02:39 PM - TrackStatus - ERROR: test_validLogin ### TEST FAILED
